<?xml version="1.0" encoding="UTF-8"?>
<testng-results skipped="0" failed="0" ignored="0" total="1" passed="1">
  <reporter-output>
  </reporter-output>
  <suite name="Default suite" duration-ms="11800" started-at="2022-09-19T07:41:15Z" finished-at="2022-09-19T07:41:27Z">
    <groups>
      <group name="cucumber">
        <method signature="AbstractTestNGCucumberTests.runScenario(io.cucumber.testng.PickleWrapper, io.cucumber.testng.FeatureWrapper)[pri:0, instance:runner.Runnerclass@4883b407]" name="runScenario" class="io.cucumber.testng.AbstractTestNGCucumberTests"/>
      </group> <!-- cucumber -->
    </groups>
    <test name="Default test" duration-ms="11800" started-at="2022-09-19T07:41:15Z" finished-at="2022-09-19T07:41:27Z">
      <class name="runner.Runnerclass">
        <test-method status="PASS" signature="setUpClass()[pri:0, instance:runner.Runnerclass@4883b407]" name="setUpClass" is-config="true" duration-ms="342" started-at="2022-09-19T13:11:15Z" finished-at="2022-09-19T13:11:16Z">
          <reporter-output>
          </reporter-output>
        </test-method> <!-- setUpClass -->
        <test-method status="PASS" signature="runScenario(io.cucumber.testng.PickleWrapper, io.cucumber.testng.FeatureWrapper)[pri:0, instance:runner.Runnerclass@4883b407]" name="runScenario" duration-ms="11341" started-at="2022-09-19T13:11:16Z" description="Runs Cucumber Scenarios" data-provider="scenarios" finished-at="2022-09-19T13:11:27Z">
          <params>
            <param index="0">
              <value>
                <![CDATA["Open browser and enter test url login page should be displayed,"]]>
              </value>
            </param>
            <param index="1">
              <value>
                <![CDATA["Optional[Login]"]]>
              </value>
            </param>
          </params>
          <reporter-output>
          </reporter-output>
        </test-method> <!-- runScenario -->
        <test-method status="PASS" signature="tearDownClass()[pri:0, instance:runner.Runnerclass@4883b407]" name="tearDownClass" is-config="true" duration-ms="97" started-at="2022-09-19T13:11:27Z" finished-at="2022-09-19T13:11:27Z">
          <reporter-output>
          </reporter-output>
        </test-method> <!-- tearDownClass -->
      </class> <!-- runner.Runnerclass -->
    </test> <!-- Default test -->
  </suite> <!-- Default suite -->
</testng-results>
